<?xml version="1.0" encoding="UTF-8"?>
<!-- Generated by org.testng.reporters.JUnitReportReporter -->
<testsuite hostname="DESKTOP-V50E88J" failures="0" tests="1" name="createLockedMessage.CreateNewLockedMessage" time="23.702" errors="0" timestamp="2024-09-15T12:57:25 IST" skipped="0">
  <testcase classname="createLockedMessage.CreateNewLockedMessage" name="createLockedMessage" time="23.702">
    <system-out>
      <![CDATA[createLockedMessage is executed]]>
    </system-out>
  </testcase> <!-- createLockedMessage -->
  <system-out>
    <![CDATA[createLockedMessage is executed]]>
  </system-out>
</testsuite> <!-- createLockedMessage.CreateNewLockedMessage -->
