<?xml version="1.0" encoding="UTF-8"?>
<!-- Generated by org.testng.reporters.JUnitReportReporter -->
<testsuite hostname="DESKTOP-V50E88J" failures="0" tests="1" name="testCases.DeleteExistingLockedMessage" time="22.265" errors="0" timestamp="2024-09-15T14:16:09 IST" skipped="0">
  <testcase classname="testCases.DeleteExistingLockedMessage" name="DeleteLockedMsg" time="22.265"/>
</testsuite> <!-- testCases.DeleteExistingLockedMessage -->
