<?xml version="1.0" encoding="UTF-8"?>
<!-- Generated by org.testng.reporters.JUnitReportReporter -->
<testsuite hostname="DESKTOP-V50E88J" failures="0" tests="1" name="testCases.CreateNewLockedMessage" time="24.720" errors="0" timestamp="2024-09-15T17:29:48 IST" skipped="0">
  <testcase classname="testCases.CreateNewLockedMessage" name="createLockedMessage" time="24.720">
    <system-out>
      <![CDATA[createLockedMessage is executed]]>
    </system-out>
  </testcase> <!-- createLockedMessage -->
  <system-out>
    <![CDATA[createLockedMessage is executed]]>
  </system-out>
</testsuite> <!-- testCases.CreateNewLockedMessage -->
