<?xml version="1.0" encoding="UTF-8"?>
<!-- Generated by org.testng.reporters.JUnitReportReporter -->
<testsuite hostname="DESKTOP-V50E88J" failures="0" tests="1" name="testCases.EditExistingLockedMessage" time="24.000" errors="0" timestamp="2024-09-15T17:33:09 IST" skipped="0">
  <testcase classname="testCases.EditExistingLockedMessage" name="editLockedMsg" time="24.000">
    <system-out>
      <![CDATA[editLockedMsg is executed]]>
    </system-out>
  </testcase> <!-- editLockedMsg -->
  <system-out>
    <![CDATA[editLockedMsg is executed]]>
  </system-out>
</testsuite> <!-- testCases.EditExistingLockedMessage -->
