<?xml version="1.0" encoding="UTF-8"?>
<!-- Generated by org.testng.reporters.JUnitReportReporter -->
<testsuite hostname="DESKTOP-V50E88J" failures="0" tests="1" name="createLockedMessage.CreateWithoutPremiumCont" time="22.601" errors="0" timestamp="2024-09-15T12:58:49 IST" skipped="0">
  <testcase classname="createLockedMessage.CreateWithoutPremiumCont" name="lockedMessageWithoutPremContent" time="22.601">
    <system-out>
      <![CDATA[lockedMessageWithoutPremContent is executed]]>
    </system-out>
  </testcase> <!-- lockedMessageWithoutPremContent -->
  <system-out>
    <![CDATA[lockedMessageWithoutPremContent is executed]]>
  </system-out>
</testsuite> <!-- createLockedMessage.CreateWithoutPremiumCont -->
